000 (237902.000.000) 10/13 02:21:03 Job submitted from host: <131.225.190.20:45137>
...
001 (237902.000.000) 10/13 02:21:07 Job executing on host: <131.225.206.177:44462>
...
006 (237902.000.000) 10/13 02:21:08 Image size of job updated: 2
	0  -  MemoryUsage of job (MB)
	0  -  ResidentSetSize of job (KB)
...
005 (237902.000.000) 10/13 02:21:09 Job terminated.
	(1) Normal termination (return value 0)
		Usr 0 00:00:00, Sys 0 00:00:00  -  Run Remote Usage
		Usr 0 00:00:00, Sys 0 00:00:00  -  Run Local Usage
		Usr 0 00:00:00, Sys 0 00:00:00  -  Total Remote Usage
		Usr 0 00:00:00, Sys 0 00:00:00  -  Total Local Usage
	697  -  Run Bytes Sent By Job
	6915  -  Run Bytes Received By Job
	697  -  Total Bytes Sent By Job
	6915  -  Total Bytes Received By Job
	Partitionable Resources :    Usage  Request Allocated
	   Cpus                 :                 1         1
	   Disk (KB)            :       35        7   3359055
	   Memory (MB)          :        0     2875      2875
...
