000 (237903.001.000) 10/13 02:27:51 Job submitted from host: <131.225.190.20:45137>
...
001 (237903.001.000) 10/13 02:28:13 Job executing on host: <131.225.206.160:33278>
...
006 (237903.001.000) 10/13 02:28:16 Image size of job updated: 167784
	0  -  MemoryUsage of job (MB)
	0  -  ResidentSetSize of job (KB)
...
005 (237903.001.000) 10/13 02:28:17 Job terminated.
	(1) Normal termination (return value 0)
		Usr 0 00:00:00, Sys 0 00:00:00  -  Run Remote Usage
		Usr 0 00:00:00, Sys 0 00:00:00  -  Run Local Usage
		Usr 0 00:00:00, Sys 0 00:00:00  -  Total Remote Usage
		Usr 0 00:00:00, Sys 0 00:00:00  -  Total Local Usage
	728  -  Run Bytes Sent By Job
	23415  -  Run Bytes Received By Job
	728  -  Total Bytes Sent By Job
	23415  -  Total Bytes Received By Job
	Partitionable Resources :    Usage  Request Allocated
	   Cpus                 :                 1         1
	   Disk (KB)            :       73       15   3359054
	   Memory (MB)          :        0     2875      2875
...
